<?xml version="1.0" encoding="UTF-8"?>
<!-- Generated by org.testng.reporters.JUnitReportReporter -->
<testsuite hostname="DESKTOP-QA9DDMF" failures="0" tests="1" name="testScripts.SampleTwoTest" time="17.486" errors="0" timestamp="2023-11-27T01:43:19 IST" skipped="0">
  <testcase classname="testScripts.SampleTwoTest" name="playwrightSearchTest" time="17.486"/>
  <system-out/>
</testsuite> <!-- testScripts.SampleTwoTest -->
