<?xml version="1.0" encoding="UTF-8"?>
<!-- Generated by org.testng.reporters.JUnitReportReporter -->
<testsuite hostname="DESKTOP-QA9DDMF" failures="0" tests="1" name="testScripts.CDPTest" time="10.041" errors="0" timestamp="2023-11-28T19:53:11 IST" skipped="0">
  <testcase classname="testScripts.CDPTest" name="basicAuthTest" time="10.041"/>
  <system-out/>
</testsuite> <!-- testScripts.CDPTest -->
