<?xml version="1.0" encoding="UTF-8"?>
<!-- Generated by org.testng.reporters.JUnitReportReporter -->
<testsuite hostname="DESKTOP-QA9DDMF" failures="0" tests="4" name="testScripts.SampleThreeTest" time="0.020" errors="0" timestamp="2023-11-27T17:42:38 IST" skipped="0">
  <testcase classname="testScripts.SampleThreeTest" name="testThree" time="0.003"/>
  <system-out/>
  <testcase classname="testScripts.SampleThreeTest" name="testTwo" time="0.002"/>
  <system-out/>
  <testcase classname="testScripts.SampleThreeTest" name="testFour" time="0.013"/>
  <system-out/>
  <testcase classname="testScripts.SampleThreeTest" name="testOne" time="0.002"/>
  <system-out/>
</testsuite> <!-- testScripts.SampleThreeTest -->
