<?xml version="1.0" encoding="UTF-8"?>
<!-- Generated by org.testng.reporters.JUnitReportReporter -->
<testsuite hostname="DESKTOP-QA9DDMF" failures="0" tests="2" name="testScripts.GooglePageTest" time="17.335" errors="0" timestamp="2023-11-27T01:43:19 IST" skipped="0">
  <testcase classname="testScripts.GooglePageTest" name="javaSearchTest" time="10.966"/>
  <system-out/>
  <testcase classname="testScripts.GooglePageTest" name="seleniumSearchTest" time="6.369"/>
  <system-out/>
</testsuite> <!-- testScripts.GooglePageTest -->
