<?xml version="1.0" encoding="UTF-8"?>
<!-- Generated by org.testng.reporters.JUnitReportReporter -->
<testsuite hostname="DESKTOP-QA9DDMF" failures="0" tests="1" name="testScripts.ExcelObjTest" time="11.816" errors="0" timestamp="2023-11-30T16:10:54 IST" skipped="0">
  <testcase classname="testScripts.ExcelObjTest" name="validLogin" time="11.816"/>
  <system-out/>
</testsuite> <!-- testScripts.ExcelObjTest -->
