<?xml version="1.0" encoding="UTF-8"?>
<!-- Generated by org.testng.reporters.JUnitReportReporter -->
<testsuite hostname="DESKTOP-QA9DDMF" failures="0" tests="1" name="testScripts.RemoteDriverTest" time="13.544" errors="0" timestamp="2023-11-29T19:37:09 IST" skipped="0">
  <testcase classname="testScripts.RemoteDriverTest" name="test" time="13.544"/>
  <system-out/>
</testsuite> <!-- testScripts.RemoteDriverTest -->
