<?xml version="1.0" encoding="UTF-8"?>
<!-- Generated by org.testng.reporters.JUnitReportReporter -->
<testsuite hostname="DESKTOP-QA9DDMF" failures="0" tests="3" name="parallelScripts.SampleThreeTest" time="11.750" errors="0" timestamp="2023-11-27T18:34:00 IST" skipped="0">
  <testcase classname="parallelScripts.SampleThreeTest" name="testOne" time="4.672"/>
  <system-out/>
  <testcase classname="parallelScripts.SampleThreeTest" name="testTwo" time="2.109"/>
  <system-out/>
  <testcase classname="parallelScripts.SampleThreeTest" name="testThree" time="4.969"/>
  <system-out/>
</testsuite> <!-- parallelScripts.SampleThreeTest -->
