<?xml version="1.0" encoding="UTF-8"?>
<!-- Generated by org.testng.reporters.JUnitReportReporter -->
<testsuite hostname="DESKTOP-QA9DDMF" failures="0" tests="3" name="parallelScripts.SampleFourTest" time="0.006" errors="0" timestamp="2023-11-27T18:56:10 IST" skipped="0">
  <testcase classname="parallelScripts.SampleFourTest" name="testOne" time="0.001"/>
  <system-out/>
  <testcase classname="parallelScripts.SampleFourTest" name="testTwo" time="0.004"/>
  <system-out/>
  <testcase classname="parallelScripts.SampleFourTest" name="testThree" time="0.001"/>
  <system-out/>
</testsuite> <!-- parallelScripts.SampleFourTest -->
