<?xml version="1.0" encoding="UTF-8"?>
<!-- Generated by org.testng.reporters.JUnitReportReporter -->
<testsuite hostname="DESKTOP-QA9DDMF" failures="0" tests="3" name="parallelScripts.SampleTwoTest" time="0.019" errors="0" timestamp="2023-11-27T18:56:10 IST" skipped="0">
  <testcase classname="parallelScripts.SampleTwoTest" name="testOne" time="0.011"/>
  <system-out/>
  <testcase classname="parallelScripts.SampleTwoTest" name="testTwo" time="0.006"/>
  <system-out/>
  <testcase classname="parallelScripts.SampleTwoTest" name="testThree" time="0.002"/>
  <system-out/>
</testsuite> <!-- parallelScripts.SampleTwoTest -->
